Arguments: 
  /home/kel/.nvm/versions/node/v17.4.0/bin/node /home/kel/.nvm/versions/node/v17.4.0/bin/yarn install

PATH: 
  /home/kel/.nvm/versions/node/v17.4.0/bin:/usr/local/sbin:/usr/local/bin:/usr/sbin:/usr/bin:/sbin:/bin:/usr/games:/usr/local/games:/snap/bin:/snap/bin::/opt/lampp/bin:/Users/kel/.nvm/versions/node/v17.3.1/bin/:/snap/bin::/opt/lampp/bin:/Users/kel/.nvm/versions/node/v17.3.1/bin/:/snap/bin::/opt/lampp/bin:/Users/kel/.nvm/versions/node/v17.3.1/bin/

Yarn version: 
  1.22.17

Node version: 
  17.4.0

Platform: 
  linux x64

Trace: 
  Error: EACCES: permission denied, mkdir '/home/kel/workspace/node-react-boilerplate/node_modules/accepts'

npm manifest: 
  {
    "name": "node-react-app",
    "version": "0.1.0",
    "description": "",
    "main": "src/app.js",
    "scripts": {
      "test": "mocha .",
      "start": "node src/app.js"
    },
    "repository": {
      "type": "git",
      "url": "git+https://github.com/kkamara/node-react-app.git"
    },
    "author": "https://github.com/kkamara",
    "license": "GPL-3.0",
    "bugs": {
      "url": "https://github.com/kkamara/node-react-app/issues"
    },
    "homepage": "https://github.com/kkamara/node-react-app#readme",
    "dependencies": {
      "axios": "^0.21.1",
      "cookie-parser": "^1.4.4",
      "dotenv": "^8.2.0",
      "express": "^4.17.1",
      "mysql2": "^2.3.3",
      "sanitize": "^2.1.0",
      "sequelize": "^6.13.0"
    },
    "devDependencies": {
      "assert": "^2.0.0",
      "mocha": "^9.1.4",
      "open": "^8.2.1",
      "selenium-webdriver": "^4.1.1"
    }
  }

yarn manifest: 
  No manifest

Lockfile: 
  No lockfile
